<?xml version="1.0" encoding="UTF-8"?>
<!-- Generated by org.testng.reporters.JUnitXMLReporter -->
<testsuite ignored="0" hostname="max" failures="0" tests="7" name="Surefire test" time="3.837" errors="0" timestamp="2025-09-07T17:28:26 CLST">
  <testcase classname="cl.mauriciovera.test.UserApiParametrizadoTest" name="obtenerUsuario_PorId_DebeCoincidirIdEnRespuesta" time="1.398"/>
  <testcase classname="cl.mauriciovera.test.UserApiParametrizadoTest" name="obtenerUsuario_PorId_DebeCoincidirIdEnRespuesta" time="0.237"/>
  <testcase classname="cl.mauriciovera.test.UserApiParametrizadoTest" name="obtenerUsuario_PorId_DebeCoincidirIdEnRespuesta" time="0.153"/>
  <testcase classname="cl.mauriciovera.test.UserApiParametrizadoTest" name="obtenerUsuario_PorId_DebeCoincidirIdEnRespuesta" time="0.58"/>
  <testcase classname="cl.mauriciovera.test.UserApiParametrizadoTest" name="obtenerUsuario_PorId_DebeCoincidirIdEnRespuesta" time="0.723"/>
  <testcase classname="cl.mauriciovera.test.UserApiTest" name="obtenerUsuario_DebeResponderEnMenosDe2Segundos" time="0.263"/>
  <testcase classname="cl.mauriciovera.test.UserApiTest" name="obtenerUsuario_DebeRetornarUsuarioConId1YNombreJohnDoe" time="0.238"/>
</testsuite> <!-- Surefire test -->
