<?xml version="1.0" encoding="UTF-8"?>
<!-- Generated by org.testng.reporters.JUnitXMLReporter -->
<testsuite ignored="0" hostname="max" failures="0" tests="2" name="Surefire test" time="1.79" errors="0" timestamp="2025-09-07T17:13:42 CLST">
  <testcase classname="cl.mauriciovera.test.UserApiTest" name="obtenerUsuario_DebeResponderEnMenosDe2Segundos" time="1.395"/>
  <testcase classname="cl.mauriciovera.test.UserApiTest" name="obtenerUsuario_DebeRetornarUsuarioConId1YNombreJohnDoe" time="0.155"/>
</testsuite> <!-- Surefire test -->
