<?xml version="1.0" encoding="UTF-8"?>
<testsuite xmlns:xsi="http://www.w3.org/2001/XMLSchema-instance" xsi:noNamespaceSchemaLocation="https://maven.apache.org/surefire/maven-surefire-plugin/xsd/surefire-test-report-3.0.xsd" version="3.0" name="cl.mauriciovera.test.UserApiTest" time="1.99" tests="1" errors="0" skipped="0" failures="0">
  <properties>
[...]
</properties>
  <testcase name="obtenerUsuario_DebeRetornarUsuarioConId1YNombreJohnDoe" classname="cl.mauriciovera.test.UserApiTest" time="1.495"/>
</testsuite>