<?xml version="1.0" encoding="UTF-8"?>
<testng-results ignored="0" total="1" passed="1" failed="0" skipped="0">
  <reporter-output>
  </reporter-output>
  <suite started-at="2025-09-07T17:01:32 CLST" name="Surefire suite" finished-at="2025-09-07T17:01:34 CLST" duration-ms="1740">
    <groups>
    </groups>
    <test started-at="2025-09-07T17:01:32 CLST" name="Surefire test" finished-at="2025-09-07T17:01:34 CLST" duration-ms="1740">
      <class name="cl.mauriciovera.test.UserApiTest">
        <test-method is-config="true" signature="setup()[pri:0, instance:cl.mauriciovera.test.UserApiTest@16e7dcfd]" started-at="2025-09-07T17:01:32 CLST" name="setup" finished-at="2025-09-07T17:01:32 CLST" duration-ms="220" status="PASS">
          <reporter-output>
          </reporter-output>
        </test-method> <!-- setup -->
        <test-method signature="obtenerUsuario_DebeRetornarUsuarioConId1YNombreJohnDoe()[pri:0, instance:cl.mauriciovera.test.UserApiTest@16e7dcfd]" started-at="2025-09-07T17:01:32 CLST" name="obtenerUsuario_DebeRetornarUsuarioConId1YNombreJohnDoe" finished-at="2025-09-07T17:01:34 CLST" duration-ms="1494" status="PASS">
          <reporter-output>
          </reporter-output>
        </test-method> <!-- obtenerUsuario_DebeRetornarUsuarioConId1YNombreJohnDoe -->
      </class> <!-- cl.mauriciovera.test.UserApiTest -->
    </test> <!-- Surefire test -->
  </suite> <!-- Surefire suite -->
</testng-results>
